<?xml version="1.0" encoding="UTF-8"?>
<!-- Generated by org.testng.reporters.JUnitXMLReporter -->
<testsuite ignored="16" hostname="DESKTOP-QIGAM93" failures="1" tests="2" name="Default test" time="13.947" errors="0" timestamp="2025-07-11T17:37:30 IST">
  <testcase classname="com.Admin_MilkRide.Module.Admin_Allmodule" name="LoginAdminpenal" time="3.22"/>
  <testcase classname="com.Admin_MilkRide.Module.Admin_Allmodule" name="Hubmanager" time="6.149">
    <failure type="java.lang.AssertionError" message="The following asserts failed:
	Hub list text mismatch">
      <![CDATA[java.lang.AssertionError: The following asserts failed:
Hub list text mismatch
at org.testng.asserts.SoftAssert.assertAll(SoftAssert.java:46)
at org.testng.asserts.SoftAssert.assertAll(SoftAssert.java:30)
at com.Admin_MilkRide.Module.Admin_Allmodule.Hubmanager(Admin_Allmodule.java:180)
at java.base/jdk.internal.reflect.DirectMethodHandleAccessor.invoke(DirectMethodHandleAccessor.java:103)
at java.base/java.lang.reflect.Method.invoke(Method.java:580)
at org.testng.internal.invokers.MethodInvocationHelper.invokeMethod(MethodInvocationHelper.java:141)
at org.testng.internal.invokers.TestInvoker.invokeMethod(TestInvoker.java:686)
at org.testng.internal.invokers.TestInvoker.invokeTestMethod(TestInvoker.java:230)
at org.testng.internal.invokers.MethodRunner.runInSequence(MethodRunner.java:63)
at org.testng.internal.invokers.TestInvoker$MethodInvocationAgent.invoke(TestInvoker.java:992)
at org.testng.internal.invokers.TestInvoker.invokeTestMethods(TestInvoker.java:203)
at org.testng.internal.invokers.TestMethodWorker.invokeTestMethods(TestMethodWorker.java:154)
at org.testng.internal.invokers.TestMethodWorker.run(TestMethodWorker.java:134)
at java.base/java.util.ArrayList.forEach(ArrayList.java:1597)
at org.testng.TestRunner.privateRun(TestRunner.java:739)
at org.testng.TestRunner.run(TestRunner.java:614)
at org.testng.SuiteRunner.runTest(SuiteRunner.java:421)
at org.testng.SuiteRunner.runSequentially(SuiteRunner.java:413)
at org.testng.SuiteRunner.privateRun(SuiteRunner.java:373)
at org.testng.SuiteRunner.run(SuiteRunner.java:312)
at org.testng.SuiteRunnerWorker.runSuite(SuiteRunnerWorker.java:52)
at org.testng.SuiteRunnerWorker.run(SuiteRunnerWorker.java:95)
at org.testng.TestNG.runSuitesSequentially(TestNG.java:1274)
at org.testng.TestNG.runSuitesLocally(TestNG.java:1208)
at org.testng.TestNG.runSuites(TestNG.java:1112)
at org.testng.TestNG.run(TestNG.java:1079)
at org.testng.remote.AbstractRemoteTestNG.run(AbstractRemoteTestNG.java:115)
at org.testng.remote.RemoteTestNG.initAndRun(RemoteTestNG.java:293)
at org.testng.remote.RemoteTestNG.main(RemoteTestNG.java:91)
]]>
    </failure>
  </testcase> <!-- Hubmanager -->
  <testcase classname="com.Admin_MilkRide.Module.Admin_Allmodule" name="Manage_CMS_Pages" time="0.0">
    <ignored/>
  </testcase> <!-- Manage_CMS_Pages -->
  <testcase classname="com.Admin_MilkRide.Module.Admin_Allmodule" name="Report_Module" time="0.0">
    <ignored/>
  </testcase> <!-- Report_Module -->
  <testcase classname="com.Admin_MilkRide.Module.Admin_Allmodule" name="HubInfo" time="0.0">
    <ignored/>
  </testcase> <!-- HubInfo -->
  <testcase classname="com.Admin_MilkRide.Module.Admin_Allmodule" name="Site_Management" time="0.0">
    <ignored/>
  </testcase> <!-- Site_Management -->
  <testcase classname="com.Admin_MilkRide.Module.Admin_Allmodule" name="Customer_Managemnt" time="0.0">
    <ignored/>
  </testcase> <!-- Customer_Managemnt -->
  <testcase classname="com.Admin_MilkRide.Module.Admin_Allmodule" name="Locations_Manager" time="0.0">
    <ignored/>
  </testcase> <!-- Locations_Manager -->
  <testcase classname="com.Admin_MilkRide.Module.Admin_Allmodule" name="Support_Management" time="0.0">
    <ignored/>
  </testcase> <!-- Support_Management -->
  <testcase classname="com.Admin_MilkRide.Module.Admin_Allmodule" name="General_Setting" time="0.0">
    <ignored/>
  </testcase> <!-- General_Setting -->
  <testcase classname="com.Admin_MilkRide.Module.Admin_Allmodule" name="Delivery_Management" time="0.0">
    <ignored/>
  </testcase> <!-- Delivery_Management -->
  <testcase classname="com.Admin_MilkRide.Module.Admin_Allmodule" name="Product_Catalogs" time="0.0">
    <ignored/>
  </testcase> <!-- Product_Catalogs -->
  <testcase classname="com.Admin_MilkRide.Module.Admin_Allmodule" name="Features" time="0.0">
    <ignored/>
  </testcase> <!-- Features -->
  <testcase classname="com.Admin_MilkRide.Module.Admin_Allmodule" name="Banner" time="0.0">
    <ignored/>
  </testcase> <!-- Banner -->
  <testcase classname="com.Admin_MilkRide.Module.Admin_Allmodule" name="Role_Module" time="0.0">
    <ignored/>
  </testcase> <!-- Role_Module -->
  <testcase classname="com.Admin_MilkRide.Module.Admin_Allmodule" name="Inventory_Managment" time="0.0">
    <ignored/>
  </testcase> <!-- Inventory_Managment -->
  <testcase classname="com.Admin_MilkRide.Module.Admin_Allmodule" name="Billing_History" time="0.0">
    <ignored/>
  </testcase> <!-- Billing_History -->
  <testcase classname="com.Admin_MilkRide.Module.Admin_Allmodule" name="FlexProduct_Plan" time="0.0">
    <ignored/>
  </testcase> <!-- FlexProduct_Plan -->
</testsuite> <!-- Default test -->
