<?xml version="1.0" encoding="UTF-8"?>
<testng-results ignored="0" total="12" passed="11" failed="1" skipped="0">
  <reporter-output>
  </reporter-output>
  <suite started-at="2025-07-09T17:29:54 IST" name="Suite" finished-at="2025-07-09T17:31:44 IST" duration-ms="110506">
    <groups>
    </groups>
    <test started-at="2025-07-09T17:29:54 IST" name="Test" finished-at="2025-07-09T17:31:44 IST" duration-ms="110506">
      <class name="com.Admin_MilkRide.Module.Admin_Allmodule">
        <test-method is-config="true" signature="setup()[pri:0, instance:com.Admin_MilkRide.Module.Admin_Allmodule@3ad83a66]" started-at="2025-07-09T17:29:54 IST" name="setup" finished-at="2025-07-09T17:29:58 IST" duration-ms="4179" status="PASS">
          <reporter-output>
          </reporter-output>
        </test-method> <!-- setup -->
        <test-method signature="LoginAdminpenal()[pri:1, instance:com.Admin_MilkRide.Module.Admin_Allmodule@3ad83a66]" started-at="2025-07-09T17:29:58 IST" name="LoginAdminpenal" finished-at="2025-07-09T17:30:01 IST" duration-ms="2405" status="PASS">
          <reporter-output>
          </reporter-output>
        </test-method> <!-- LoginAdminpenal -->
        <test-method signature="Hubmanager()[pri:2, instance:com.Admin_MilkRide.Module.Admin_Allmodule@3ad83a66]" started-at="2025-07-09T17:30:01 IST" name="Hubmanager" finished-at="2025-07-09T17:30:13 IST" duration-ms="12593" status="PASS">
          <reporter-output>
          </reporter-output>
        </test-method> <!-- Hubmanager -->
        <test-method signature="HubInfo()[pri:3, instance:com.Admin_MilkRide.Module.Admin_Allmodule@3ad83a66]" started-at="2025-07-09T17:30:13 IST" name="HubInfo" finished-at="2025-07-09T17:30:35 IST" duration-ms="21853" status="PASS">
          <reporter-output>
          </reporter-output>
        </test-method> <!-- HubInfo -->
        <test-method signature="Delivery_Management()[pri:4, instance:com.Admin_MilkRide.Module.Admin_Allmodule@3ad83a66]" started-at="2025-07-09T17:30:35 IST" name="Delivery_Management" finished-at="2025-07-09T17:30:42 IST" duration-ms="6789" status="PASS">
          <reporter-output>
          </reporter-output>
        </test-method> <!-- Delivery_Management -->
        <test-method signature="Billing_History()[pri:5, instance:com.Admin_MilkRide.Module.Admin_Allmodule@3ad83a66]" started-at="2025-07-09T17:30:42 IST" name="Billing_History" finished-at="2025-07-09T17:30:46 IST" duration-ms="4624" status="PASS">
          <reporter-output>
          </reporter-output>
        </test-method> <!-- Billing_History -->
        <test-method signature="Customer_Managemnt()[pri:6, instance:com.Admin_MilkRide.Module.Admin_Allmodule@3ad83a66]" started-at="2025-07-09T17:30:46 IST" name="Customer_Managemnt" finished-at="2025-07-09T17:30:54 IST" duration-ms="7876" status="PASS">
          <reporter-output>
          </reporter-output>
        </test-method> <!-- Customer_Managemnt -->
        <test-method signature="Product_Catalogs()[pri:7, instance:com.Admin_MilkRide.Module.Admin_Allmodule@3ad83a66]" started-at="2025-07-09T17:30:54 IST" name="Product_Catalogs" finished-at="2025-07-09T17:31:05 IST" duration-ms="10456" status="PASS">
          <reporter-output>
          </reporter-output>
        </test-method> <!-- Product_Catalogs -->
        <test-method signature="Inventory_Managment()[pri:8, instance:com.Admin_MilkRide.Module.Admin_Allmodule@3ad83a66]" started-at="2025-07-09T17:31:05 IST" name="Inventory_Managment" finished-at="2025-07-09T17:31:09 IST" duration-ms="3959" status="PASS">
          <reporter-output>
          </reporter-output>
        </test-method> <!-- Inventory_Managment -->
        <test-method signature="FlexProduct_Plan()[pri:9, instance:com.Admin_MilkRide.Module.Admin_Allmodule@3ad83a66]" started-at="2025-07-09T17:31:09 IST" name="FlexProduct_Plan" finished-at="2025-07-09T17:31:15 IST" duration-ms="6667" status="PASS">
          <reporter-output>
          </reporter-output>
        </test-method> <!-- FlexProduct_Plan -->
        <test-method signature="Banner()[pri:10, instance:com.Admin_MilkRide.Module.Admin_Allmodule@3ad83a66]" started-at="2025-07-09T17:31:15 IST" name="Banner" finished-at="2025-07-09T17:31:20 IST" duration-ms="4940" status="PASS">
          <reporter-output>
          </reporter-output>
        </test-method> <!-- Banner -->
        <test-method signature="Locations_Manager()[pri:11, instance:com.Admin_MilkRide.Module.Admin_Allmodule@3ad83a66]" started-at="2025-07-09T17:31:20 IST" name="Locations_Manager" finished-at="2025-07-09T17:31:28 IST" duration-ms="7964" status="PASS">
          <reporter-output>
          </reporter-output>
        </test-method> <!-- Locations_Manager -->
        <test-method signature="Report_Module()[pri:12, instance:com.Admin_MilkRide.Module.Admin_Allmodule@3ad83a66]" started-at="2025-07-09T17:31:28 IST" name="Report_Module" finished-at="2025-07-09T17:31:43 IST" duration-ms="14535" status="FAIL">
          <exception class="java.lang.AssertionError">
            <message>
              <![CDATA[The following asserts failed:
Error due to: no such element: Unable to locate element: {"method":"xpath","selector":"(//a[normalize-space()='Activity Log'])[1]"}
  (Session info: chrome=137.0.7151.120)
For documentation on this error, please visit: https://www.selenium.dev/documentation/webdriver/troubleshooting/errors#no-such-element-exception
Build info: version: '4.33.0', revision: '2c6aaad03a'
System info: os.name: 'Windows 10', os.arch: 'amd64', os.version: '10.0', java.version: '22.0.2'
Driver info: org.openqa.selenium.chrome.ChromeDriver
Command: [43fa634553138de818cfbbcf737f51d6, findElement {using=xpath, value=(//a[normalize-space()='Activity Log'])[1]}]
Capabilities {acceptInsecureCerts: false, browserName: chrome, browserVersion: 137.0.7151.120, chrome: {chromedriverVersion: 137.0.7151.119 (e0ac9d12dff..., userDataDir: C:\Users\manal\AppData\Loca...}, fedcm:accounts: true, goog:chromeOptions: {debuggerAddress: localhost:57081}, networkConnectionEnabled: false, pageLoadStrategy: normal, platformName: windows, proxy: Proxy(), se:cdp: ws://localhost:57081/devtoo..., se:cdpVersion: 137.0.7151.120, setWindowRect: true, strictFileInteractability: false, timeouts: {implicit: 0, pageLoad: 300000, script: 30000}, unhandledPromptBehavior: dismiss and notify, webauthn:extension:credBlob: true, webauthn:extension:largeBlob: true, webauthn:extension:minPinLength: true, webauthn:extension:prf: true, webauthn:virtualAuthenticators: true}
Session ID: 43fa634553138de818cfbbcf737f51d6]]>
            </message>
            <full-stacktrace>
              <![CDATA[java.lang.AssertionError: The following asserts failed:
Error due to: no such element: Unable to locate element: {"method":"xpath","selector":"(//a[normalize-space()='Activity Log'])[1]"}
  (Session info: chrome=137.0.7151.120)
For documentation on this error, please visit: https://www.selenium.dev/documentation/webdriver/troubleshooting/errors#no-such-element-exception
Build info: version: '4.33.0', revision: '2c6aaad03a'
System info: os.name: 'Windows 10', os.arch: 'amd64', os.version: '10.0', java.version: '22.0.2'
Driver info: org.openqa.selenium.chrome.ChromeDriver
Command: [43fa634553138de818cfbbcf737f51d6, findElement {using=xpath, value=(//a[normalize-space()='Activity Log'])[1]}]
Capabilities {acceptInsecureCerts: false, browserName: chrome, browserVersion: 137.0.7151.120, chrome: {chromedriverVersion: 137.0.7151.119 (e0ac9d12dff..., userDataDir: C:\Users\manal\AppData\Loca...}, fedcm:accounts: true, goog:chromeOptions: {debuggerAddress: localhost:57081}, networkConnectionEnabled: false, pageLoadStrategy: normal, platformName: windows, proxy: Proxy(), se:cdp: ws://localhost:57081/devtoo..., se:cdpVersion: 137.0.7151.120, setWindowRect: true, strictFileInteractability: false, timeouts: {implicit: 0, pageLoad: 300000, script: 30000}, unhandledPromptBehavior: dismiss and notify, webauthn:extension:credBlob: true, webauthn:extension:largeBlob: true, webauthn:extension:minPinLength: true, webauthn:extension:prf: true, webauthn:virtualAuthenticators: true}
Session ID: 43fa634553138de818cfbbcf737f51d6
at org.testng.asserts.SoftAssert.assertAll(SoftAssert.java:46)
at org.testng.asserts.SoftAssert.assertAll(SoftAssert.java:30)
at com.Admin_MilkRide.Module.Admin_Allmodule.Report_Module(Admin_Allmodule.java:964)
at java.base/jdk.internal.reflect.DirectMethodHandleAccessor.invoke(DirectMethodHandleAccessor.java:103)
at java.base/java.lang.reflect.Method.invoke(Method.java:580)
at org.testng.internal.invokers.MethodInvocationHelper.invokeMethod(MethodInvocationHelper.java:141)
at org.testng.internal.invokers.TestInvoker.invokeMethod(TestInvoker.java:686)
at org.testng.internal.invokers.TestInvoker.invokeTestMethod(TestInvoker.java:230)
at org.testng.internal.invokers.MethodRunner.runInSequence(MethodRunner.java:63)
at org.testng.internal.invokers.TestInvoker$MethodInvocationAgent.invoke(TestInvoker.java:992)
at org.testng.internal.invokers.TestInvoker.invokeTestMethods(TestInvoker.java:203)
at org.testng.internal.invokers.TestMethodWorker.invokeTestMethods(TestMethodWorker.java:154)
at org.testng.internal.invokers.TestMethodWorker.run(TestMethodWorker.java:134)
at java.base/java.util.ArrayList.forEach(ArrayList.java:1597)
at org.testng.TestRunner.privateRun(TestRunner.java:739)
at org.testng.TestRunner.run(TestRunner.java:614)
at org.testng.SuiteRunner.runTest(SuiteRunner.java:421)
at org.testng.SuiteRunner.runSequentially(SuiteRunner.java:413)
at org.testng.SuiteRunner.privateRun(SuiteRunner.java:373)
at org.testng.SuiteRunner.run(SuiteRunner.java:312)
at org.testng.SuiteRunnerWorker.runSuite(SuiteRunnerWorker.java:52)
at org.testng.SuiteRunnerWorker.run(SuiteRunnerWorker.java:95)
at org.testng.TestNG.runSuitesSequentially(TestNG.java:1274)
at org.testng.TestNG.runSuitesLocally(TestNG.java:1208)
at org.testng.TestNG.runSuites(TestNG.java:1112)
at org.testng.TestNG.run(TestNG.java:1079)
at org.testng.remote.AbstractRemoteTestNG.run(AbstractRemoteTestNG.java:115)
at org.testng.remote.RemoteTestNG.initAndRun(RemoteTestNG.java:293)
at org.testng.remote.RemoteTestNG.main(RemoteTestNG.java:91)
]]>
            </full-stacktrace>
          </exception> <!-- java.lang.AssertionError -->
          <reporter-output>
          </reporter-output>
        </test-method> <!-- Report_Module -->
        <test-method is-config="true" signature="tearDown()[pri:0, instance:com.Admin_MilkRide.Module.Admin_Allmodule@3ad83a66]" started-at="2025-07-09T17:31:43 IST" name="tearDown" finished-at="2025-07-09T17:31:44 IST" duration-ms="980" status="PASS">
          <reporter-output>
          </reporter-output>
        </test-method> <!-- tearDown -->
      </class> <!-- com.Admin_MilkRide.Module.Admin_Allmodule -->
    </test> <!-- Test -->
  </suite> <!-- Suite -->
</testng-results>
